<?xml version="1.0" encoding="UTF-8"?>
<testsuite xmlns:xsi="http://www.w3.org/2001/XMLSchema-instance" xsi:noNamespaceSchemaLocation="https://maven.apache.org/surefire/maven-surefire-plugin/xsd/surefire-test-report-3.0.xsd" version="3.0" name="com.icwd.config.server.ConfigServerApplicationTests" time="15.207" tests="1" errors="0" skipped="0" failures="0">
  <properties>
[...]
</properties>
  <testcase name="contextLoads" classname="com.icwd.config.server.ConfigServerApplicationTests" time="0.486">
    <system-out><![CDATA[13:32:29.620 [main] INFO org.springframework.test.context.support.AnnotationConfigContextLoaderUtils -- Could not detect default configuration classes for test class [com.icwd.config.server.ConfigServerApplicationTests]: ConfigServerApplicationTests does not declare any static, non-private, non-final, nested classes annotated with @Configuration.
13:32:29.812 [main] INFO org.springframework.boot.test.context.SpringBootTestContextBootstrapper -- Found @SpringBootConfiguration com.icwd.config.server.ConfigServerApplication for test class com.icwd.config.server.ConfigServerApplicationTests

  .   ____          _            __ _ _
 /\\ / ___'_ __ _ _(_)_ __  __ _ \ \ \ \
( ( )\___ | '_ | '_| | '_ \/ _` | \ \ \ \
 \\/  ___)| |_)| | | | | || (_| |  ) ) ) )
  '  |____| .__|_| |_|_| |_\__, | / / / /
 =========|_|==============|___/=/_/_/_/
 :: Spring Boot ::                (v3.1.1)

2024-05-04T13:32:31.008+05:30  INFO 5728 --- [           main] c.i.c.s.ConfigServerApplicationTests     : Starting ConfigServerApplicationTests using Java 22.0.1 with PID 5728 (started by prith in C:\Users\prith\OneDrive\Desktop\spring projects\ConfigServer)
2024-05-04T13:32:31.014+05:30  INFO 5728 --- [           main] c.i.c.s.ConfigServerApplicationTests     : No active profile set, falling back to 1 default profile: "default"
2024-05-04T13:32:32.989+05:30  INFO 5728 --- [           main] o.s.cloud.context.scope.GenericScope     : BeanFactory id=8c8caeae-fd10-31de-a6c8-e13e48a7d5f3
2024-05-04T13:32:34.734+05:30  INFO 5728 --- [           main] DiscoveryClientOptionalArgsConfiguration : Eureka HTTP Client uses RestTemplate.
2024-05-04T13:32:42.204+05:30  WARN 5728 --- [           main] iguration$LoadBalancerCaffeineWarnLogger : Spring Cloud LoadBalancer is currently working with the default cache. While this cache implementation is useful for development and tests, it's recommended to use Caffeine cache in production.You can switch to using Caffeine cache, by adding it and org.springframework.cache.caffeine.CaffeineCacheManager to the classpath.
2024-05-04T13:32:42.254+05:30  INFO 5728 --- [           main] o.s.c.n.eureka.InstanceInfoFactory       : Setting initial instance status as: STARTING
2024-05-04T13:32:42.575+05:30  INFO 5728 --- [           main] com.netflix.discovery.DiscoveryClient    : Initializing Eureka in region us-east-1
2024-05-04T13:32:42.589+05:30  INFO 5728 --- [           main] c.n.d.s.r.aws.ConfigClusterResolver      : Resolving eureka endpoints via configuration
2024-05-04T13:32:42.635+05:30  INFO 5728 --- [           main] com.netflix.discovery.DiscoveryClient    : Disable delta property : false
2024-05-04T13:32:42.636+05:30  INFO 5728 --- [           main] com.netflix.discovery.DiscoveryClient    : Single vip registry refresh property : null
2024-05-04T13:32:42.636+05:30  INFO 5728 --- [           main] com.netflix.discovery.DiscoveryClient    : Force full registry fetch : false
2024-05-04T13:32:42.636+05:30  INFO 5728 --- [           main] com.netflix.discovery.DiscoveryClient    : Application is null : false
2024-05-04T13:32:42.636+05:30  INFO 5728 --- [           main] com.netflix.discovery.DiscoveryClient    : Registered Applications size is zero : true
2024-05-04T13:32:42.636+05:30  INFO 5728 --- [           main] com.netflix.discovery.DiscoveryClient    : Application version is -1: true
2024-05-04T13:32:42.636+05:30  INFO 5728 --- [           main] com.netflix.discovery.DiscoveryClient    : Getting all instance registry info from the eureka server
2024-05-04T13:32:43.905+05:30  INFO 5728 --- [           main] com.netflix.discovery.DiscoveryClient    : The response status is 200
2024-05-04T13:32:43.908+05:30  INFO 5728 --- [           main] com.netflix.discovery.DiscoveryClient    : Starting heartbeat executor: renew interval is: 30
2024-05-04T13:32:43.913+05:30  INFO 5728 --- [           main] c.n.discovery.InstanceInfoReplicator     : InstanceInfoReplicator onDemand update allowed rate per min is 4
2024-05-04T13:32:43.923+05:30  INFO 5728 --- [           main] com.netflix.discovery.DiscoveryClient    : Discovery Client initialized at timestamp 1714809763919 with initial instances count: 0
2024-05-04T13:32:43.926+05:30  INFO 5728 --- [           main] o.s.c.n.e.s.EurekaServiceRegistry        : Registering application CONFIG-SERVER with eureka with status UP
2024-05-04T13:32:43.927+05:30  INFO 5728 --- [           main] com.netflix.discovery.DiscoveryClient    : Saw local status change event StatusChangeEvent [timestamp=1714809763927, current=UP, previous=STARTING]
2024-05-04T13:32:43.930+05:30  INFO 5728 --- [nfoReplicator-0] com.netflix.discovery.DiscoveryClient    : DiscoveryClient_CONFIG-SERVER/Dark-Knight.mshome.net:CONFIG-SERVER:8070: registering service...
2024-05-04T13:32:43.952+05:30  INFO 5728 --- [           main] c.i.c.s.ConfigServerApplicationTests     : Started ConfigServerApplicationTests in 13.856 seconds (process running for 15.958)
2024-05-04T13:32:44.206+05:30  INFO 5728 --- [nfoReplicator-0] com.netflix.discovery.DiscoveryClient    : DiscoveryClient_CONFIG-SERVER/Dark-Knight.mshome.net:CONFIG-SERVER:8070 - registration status: 204
]]></system-out>
  </testcase>
</testsuite>